This is pdfTeX, Version 3.14159265-2.6-1.40.18 (TeX Live 2017/W32TeX) (preloaded format=pdflatex 2017.11.1)  3 FEB 2020 22:35
entering extended mode
 restricted \write18 enabled.
 %&-line parsing enabled.
**./QG2002031032.tex
(./QG2002031032.tex
LaTeX2e <2017-04-15>
Babel <3.10> and hyphenation patterns for 84 language(s) loaded.
(c:/texlive/2017/texmf-dist/tex/latex/base/article.cls
Document Class: article 2014/09/29 v1.4h Standard LaTeX document class
(c:/texlive/2017/texmf-dist/tex/latex/base/size11.clo
File: size11.clo 2014/09/29 v1.4h Standard LaTeX file (size option)
)
\c@part=\count79
\c@section=\count80
\c@subsection=\count81
\c@subsubsection=\count82
\c@paragraph=\count83
\c@subparagraph=\count84
\c@figure=\count85
\c@table=\count86
\abovecaptionskip=\skip41
\belowcaptionskip=\skip42
\bibindent=\dimen102
)
(c:/texlive/2017/texmf-dist/tex/latex/preprint/authblk.sty
Package: authblk 2001/02/27 1.3 (PWD)
\affilsep=\skip43
\@affilsep=\skip44
\c@Maxaffil=\count87
\c@authors=\count88
\c@affil=\count89
)
(c:/texlive/2017/texmf-dist/tex/latex/amsfonts/amssymb.sty
Package: amssymb 2013/01/14 v3.01 AMS font symbols

(c:/texlive/2017/texmf-dist/tex/latex/amsfonts/amsfonts.sty
Package: amsfonts 2013/01/14 v3.01 Basic AMSFonts support
\@emptytoks=\toks14
\symAMSa=\mathgroup4
\symAMSb=\mathgroup5
LaTeX Font Info:    Overwriting math alphabet `\mathfrak' in version `bold'
(Font)                  U/euf/m/n --> U/euf/b/n on input line 106.
))
(c:/texlive/2017/texmf-dist/tex/generic/xypic/xy.sty
(c:/texlive/2017/texmf-dist/tex/generic/xypic/xy.tex Bootstrap'ing: catcodes,
docmode, (c:/texlive/2017/texmf-dist/tex/generic/xypic/xyrecat.tex)
(c:/texlive/2017/texmf-dist/tex/generic/xypic/xyidioms.tex)

 Xy-pic version 3.8.9 <2013/10/06>
 Copyright (c) 1991-2013 by Kristoffer H. Rose <krisrose@tug.org> and others
 Xy-pic is free software: see the User's Guide for details.

Loading kernel: messages; fonts; allocations: state,
\X@c=\dimen103
\Y@c=\dimen104
\U@c=\dimen105
\D@c=\dimen106
\L@c=\dimen107
\R@c=\dimen108
\Edge@c=\toks15
\X@p=\dimen109
\Y@p=\dimen110
\U@p=\dimen111
\D@p=\dimen112
\L@p=\dimen113
\R@p=\dimen114
\Edge@p=\toks16
\X@origin=\dimen115
\Y@origin=\dimen116
\X@xbase=\dimen117
\Y@xbase=\dimen118
\X@ybase=\dimen119
\Y@ybase=\dimen120
\X@min=\dimen121
\Y@min=\dimen122
\X@max=\dimen123
\Y@max=\dimen124
\lastobjectbox@=\box26
\zerodotbox@=\box27
\almostz@=\dimen125
 direction,
\d@X=\dimen126
\d@Y=\dimen127
\K@=\count90
\KK@=\count91
\Direction=\count92
\K@dXdY=\dimen128
\K@dYdX=\dimen129
\xyread@=\read1
\xywrite@=\write3
\csp@=\count93
\quotPTK@=\dimen130

utility macros; pictures: \xy, positions,
\swaptoks@@=\toks17
\connectobjectbox@@=\box28
 objects,
\styletoks@=\toks18
 decorations;
kernel objects: directionals, circles, text; options; algorithms: directions,
edges, connections;  Xy-pic loaded)
(c:/texlive/2017/texmf-dist/tex/generic/oberdiek/ifpdf.sty
Package: ifpdf 2017/03/15 v3.2 Provides the ifpdf switch
)
Package: xy 2013/10/06 Xy-pic version 3.8.9

(c:/texlive/2017/texmf-dist/tex/generic/xypic/xyall.tex
 Xy-pic option: All features v.3.8
(c:/texlive/2017/texmf-dist/tex/generic/xypic/xycurve.tex
 Xy-pic option: Curve and Spline extension v.3.12 curve,
\crv@cnt@=\count94
\crvpts@=\toks19
\splinebox@=\box29
\splineval@=\dimen131
\splinedepth@=\dimen132
\splinetol@=\dimen133
\splinelength@=\dimen134
 circles,
\L@=\dimen135
 loaded)
(c:/texlive/2017/texmf-dist/tex/generic/xypic/xyframe.tex
 Xy-pic option: Frame and Bracket extension v.3.14 loaded)
(c:/texlive/2017/texmf-dist/tex/generic/xypic/xycmtip.tex
 Xy-pic option: Computer Modern tip extension v.3.7
(c:/texlive/2017/texmf-dist/tex/generic/xypic/xytips.tex
 Xy-pic option: More Tips extension v.3.11 loaded) loaded)
(c:/texlive/2017/texmf-dist/tex/generic/xypic/xyline.tex
 Xy-pic option: Line styles extension v.3.10
\xylinethick@=\dimen136
 loaded)
(c:/texlive/2017/texmf-dist/tex/generic/xypic/xyrotate.tex
 Xy-pic option: Rotate and Scale extension v.3.8 loaded)
(c:/texlive/2017/texmf-dist/tex/generic/xypic/xycolor.tex
 Xy-pic option: Colour extension v.3.11 loaded)
(c:/texlive/2017/texmf-dist/tex/generic/xypic/xymatrix.tex
 Xy-pic option: Matrix feature v.3.14
\Row=\count95
\Col=\count96
\queue@=\toks20
\queue@@=\toks21
\qcount@=\count97
\qcount@@=\count98
\matrixsize@=\count99
 loaded)
(c:/texlive/2017/texmf-dist/tex/generic/xypic/xyarrow.tex
 Xy-pic option: Arrow and Path feature v.3.9 path, \ar, loaded)
(c:/texlive/2017/texmf-dist/tex/generic/xypic/xygraph.tex
 Xy-pic option: Graph feature v.3.11 loaded) loaded)
(c:/texlive/2017/texmf-dist/tex/generic/xypic/xypdf.tex
 Xy-pic option: PDF driver v.1.7 Xy-pic pdf driver: `color' extension support
(c:/texlive/2017/texmf-dist/tex/generic/xypic/xypdf-co.tex loaded)
Xy-pic pdf driver: `curve' extension support
(c:/texlive/2017/texmf-dist/tex/generic/xypic/xypdf-cu.tex loaded)
Xy-pic pdf driver: `frame' extension support
(c:/texlive/2017/texmf-dist/tex/generic/xypic/xypdf-fr.tex loaded)
Xy-pic pdf driver: `line' extension support
(c:/texlive/2017/texmf-dist/tex/generic/xypic/xypdf-li.tex loaded)
Xy-pic pdf driver: `rotate' extension support
(c:/texlive/2017/texmf-dist/tex/generic/xypic/xypdf-ro.tex loaded) loaded))
(c:/texlive/2017/texmf-dist/tex/latex/jknapltx/mathrsfs.sty
Package: mathrsfs 1996/01/01 Math RSFS package v1.0 (jk)
\symrsfs=\mathgroup6
)
(c:/texlive/2017/texmf-dist/tex/latex/amsmath/amsmath.sty
Package: amsmath 2016/11/05 v2.16a AMS math features
\@mathmargin=\skip45

For additional information on amsmath, use the `?' option.
(c:/texlive/2017/texmf-dist/tex/latex/amsmath/amstext.sty
Package: amstext 2000/06/29 v2.01 AMS text

(c:/texlive/2017/texmf-dist/tex/latex/amsmath/amsgen.sty
File: amsgen.sty 1999/11/30 v2.0 generic functions
\@emptytoks=\toks22
\ex@=\dimen137
))
(c:/texlive/2017/texmf-dist/tex/latex/amsmath/amsbsy.sty
Package: amsbsy 1999/11/29 v1.2d Bold Symbols
\pmbraise@=\dimen138
)
(c:/texlive/2017/texmf-dist/tex/latex/amsmath/amsopn.sty
Package: amsopn 2016/03/08 v2.02 operator names
)
\inf@bad=\count100
LaTeX Info: Redefining \frac on input line 213.
\uproot@=\count101
\leftroot@=\count102
LaTeX Info: Redefining \overline on input line 375.
\classnum@=\count103
\DOTSCASE@=\count104
LaTeX Info: Redefining \ldots on input line 472.
LaTeX Info: Redefining \dots on input line 475.
LaTeX Info: Redefining \cdots on input line 596.
\Mathstrutbox@=\box30
\strutbox@=\box31
\big@size=\dimen139
LaTeX Font Info:    Redeclaring font encoding OML on input line 712.
LaTeX Font Info:    Redeclaring font encoding OMS on input line 713.
\macc@depth=\count105
\c@MaxMatrixCols=\count106
\dotsspace@=\muskip10
\c@parentequation=\count107
\dspbrk@lvl=\count108
\tag@help=\toks23
\row@=\count109
\column@=\count110
\maxfields@=\count111
\andhelp@=\toks24
\eqnshift@=\dimen140
\alignsep@=\dimen141
\tagshift@=\dimen142
\tagwidth@=\dimen143
\totwidth@=\dimen144
\lineht@=\dimen145
\@envbody=\toks25
\multlinegap=\skip46
\multlinetaggap=\skip47
\mathdisplay@stack=\toks26
LaTeX Info: Redefining \[ on input line 2817.
LaTeX Info: Redefining \] on input line 2818.
)
(c:/texlive/2017/texmf-dist/tex/latex/amscls/amsthm.sty
Package: amsthm 2015/03/04 v2.20.2
\thm@style=\toks27
\thm@bodyfont=\toks28
\thm@headfont=\toks29
\thm@notefont=\toks30
\thm@headpunct=\toks31
\thm@preskip=\skip48
\thm@postskip=\skip49
\thm@headsep=\skip50
\dth@everypar=\toks32
)
(c:/texlive/2017/texmf-dist/tex/latex/extarrows/extarrows.sty
Package: extarrows 2008/05/15 v1.0b Some extensible arrows
)
\c@theorem=\count112

(./QG2002031032.aux)
\openout1 = `QG2002031032.aux'.

LaTeX Font Info:    Checking defaults for OML/cmm/m/it on input line 38.
LaTeX Font Info:    ... okay on input line 38.
LaTeX Font Info:    Checking defaults for T1/cmr/m/n on input line 38.
LaTeX Font Info:    ... okay on input line 38.
LaTeX Font Info:    Checking defaults for OT1/cmr/m/n on input line 38.
LaTeX Font Info:    ... okay on input line 38.
LaTeX Font Info:    Checking defaults for OMS/cmsy/m/n on input line 38.
LaTeX Font Info:    ... okay on input line 38.
LaTeX Font Info:    Checking defaults for OMX/cmex/m/n on input line 38.
LaTeX Font Info:    ... okay on input line 38.
LaTeX Font Info:    Checking defaults for U/cmr/m/n on input line 38.
LaTeX Font Info:    ... okay on input line 38.
LaTeX Font Info:    Try loading font information for U+msa on input line 38.
 (c:/texlive/2017/texmf-dist/tex/latex/amsfonts/umsa.fd
File: umsa.fd 2013/01/14 v3.01 AMS symbols A
)
LaTeX Font Info:    Try loading font information for U+msb on input line 38.

(c:/texlive/2017/texmf-dist/tex/latex/amsfonts/umsb.fd
File: umsb.fd 2013/01/14 v3.01 AMS symbols B
)
LaTeX Font Info:    Try loading font information for U+rsfs on input line 38.

(c:/texlive/2017/texmf-dist/tex/latex/jknapltx/ursfs.fd
File: ursfs.fd 1998/03/24 rsfs font definition file (jk)
)
Package xypdf Info: Line width: 0.43799pt on input line 38.
LaTeX Font Info:    Try loading font information for OMS+cmr on input line 50.

(c:/texlive/2017/texmf-dist/tex/latex/base/omscmr.fd
File: omscmr.fd 2014/09/29 v2.5h Standard LaTeX font definitions
)
LaTeX Font Info:    Font shape `OMS/cmr/m/n' in size <8> not available
(Font)              Font shape `OMS/cmsy/m/n' tried instead on input line 50.
LaTeX Font Info:    Font shape `OMS/cmr/m/n' in size <6> not available
(Font)              Font shape `OMS/cmsy/m/n' tried instead on input line 50.
 [1

{c:/texlive/2017/texmf-var/fonts/map/pdftex/updmap/pdftex.map}] [2] [3] [4] [5]
 [6]
Missing character: There is no ’ in font cmr9!
Missing character: There is no é in font cmr9!
Missing character: There is no – in font cmr9!
Missing character: There is no – in font cmr9!
 [7]
Missing character: There is no ü in font cmr9!

Underfull \hbox (badness 1117) in paragraph at lines 702--706
[]\OT1/cmr/m/n/9 A. Van Daele, S. Wang, \OT1/cmr/m/it/9 Weak mul-ti-plier Hopf 
al-ge-bras II, the source and tar-get al-ge-bras\OT1/cmr/m/n/9 ,
 []

[8] (./QG2002031032.aux) ) 
Here is how much of TeX's memory you used:
 4137 strings out of 492995
 49907 string characters out of 6136402
 153782 words of memory out of 5000000
 7620 multiletter control sequences out of 15000+600000
 17291 words of font info for 71 fonts, out of 8000000 for 9000
 1141 hyphenation exceptions out of 8191
 31i,6n,26p,3246b,318s stack positions out of 5000i,500n,10000p,200000b,80000s
<c:/texlive/2017/texmf-dist/fonts/type1/public/amsfon
ts/cm/cmbx10.pfb><c:/texlive/2017/texmf-dist/fonts/type1/public/amsfonts/cm/cmb
x12.pfb><c:/texlive/2017/texmf-dist/fonts/type1/public/amsfonts/cm/cmex10.pfb><
c:/texlive/2017/texmf-dist/fonts/type1/public/amsfonts/cm/cmmi10.pfb><c:/texliv
e/2017/texmf-dist/fonts/type1/public/amsfonts/cm/cmmi8.pfb><c:/texlive/2017/tex
mf-dist/fonts/type1/public/amsfonts/cm/cmr10.pfb><c:/texlive/2017/texmf-dist/fo
nts/type1/public/amsfonts/cm/cmr12.pfb><c:/texlive/2017/texmf-dist/fonts/type1/
public/amsfonts/cm/cmr17.pfb><c:/texlive/2017/texmf-dist/fonts/type1/public/ams
fonts/cm/cmr8.pfb><c:/texlive/2017/texmf-dist/fonts/type1/public/amsfonts/cm/cm
r9.pfb><c:/texlive/2017/texmf-dist/fonts/type1/public/amsfonts/cm/cmsy10.pfb><c
:/texlive/2017/texmf-dist/fonts/type1/public/amsfonts/cm/cmsy6.pfb><c:/texlive/
2017/texmf-dist/fonts/type1/public/amsfonts/cm/cmsy8.pfb><c:/texlive/2017/texmf
-dist/fonts/type1/public/amsfonts/cm/cmti9.pfb><c:/texlive/2017/texmf-dist/font
s/type1/public/amsfonts/symbols/msbm10.pfb>
Output written on QG2002031032.pdf (8 pages, 196718 bytes).
PDF statistics:
 91 PDF objects out of 1000 (max. 8388607)
 65 compressed objects within 1 object stream
 0 named destinations out of 1000 (max. 500000)
 1 words of extra memory for PDF output out of 10000 (max. 10000000)

